  GravSim.cpp
C:\Users\aravs\source\repos\GravSim\GravSim\GravSim.cpp(53,165): warning C4244: 'argument': conversion from 'float' to 'const int', possible loss of data
C:\Users\aravs\source\repos\GravSim\GravSim\GravSim.cpp(54,66): warning C4244: 'argument': conversion from 'float' to 'const int', possible loss of data
LINK : warning LNK4075: ignoring '/INCREMENTAL' due to '/LTCG' specification
MSVCRTD.lib(initializers.obj) : warning LNK4098: defaultlib 'msvcrt.lib' conflicts with use of other libs; use /NODEFAULTLIB:library
  Generating code
     47%
   \
   /
   |
   |
   -
     55%
   |
     60%
   /
   -
     63%
   \
   |
   /
     64%
   -
   \
     65%
   |
     66%
   /
     67%
   -
   \
   |
     68%
   /
     69%
   -
     70%
   \
     71%
   |
   /
     72%
   -
   \
     73%
   |
     74%
   /
   -
     77%
   \
     78%
   |
   /
     79%
   -
   \
   |
   /
   -
   \
     80%
   |
     81%   0 seconds remaining              
   /
   -
     82%   0 seconds remaining              
   \
     83%   0 seconds remaining              
   |
   /
     84%   0 seconds remaining              
   -
     87%   0 seconds remaining              
   \
     88%   0 seconds remaining              
   |
   /
   -
     91%   0 seconds remaining              
   \
     92%   0 seconds remaining              
   |
     93%   0 seconds remaining              
   /
     94%   0 seconds remaining              
   -
   \
     95%   0 seconds remaining              
   |
     98%   0 seconds remaining              
   /
     99%   0 seconds remaining              
   -
  56 of 413 functions (13.6%) were compiled, the rest were copied from previous compilation.
    0 functions were new in current compilation
    66 functions had inline decision re-evaluated but remain unchanged
  Finished generating code
  GravSim.vcxproj -> C:\Users\aravs\source\repos\GravSim\x64\Debug\GravSim.exe
